2024-10-13 12:27:17 - kcpp_api module imported
2024-10-13 12:27:18 - Is kcpp running? True
2024-10-13 12:27:18 - KCPP executable is already running!
2024-10-13 12:27:18 - Input: "read_message func active"
2024-10-13 12:27:28 - received data from extension: {"data":{"status":"","task":"ping","text":""}}
2024-10-13 12:27:28 - received ping and sent message with version number
2024-10-13 12:41:32 - kcpp_api module imported
2024-10-13 12:41:33 - Is kcpp running? True
2024-10-13 12:41:33 - KCPP executable is already running!
2024-10-13 12:41:33 - Input: "read_message func active"
2024-10-13 12:43:12 - kcpp_api module imported
2024-10-13 12:43:13 - Is kcpp running? True
2024-10-13 12:43:13 - KCPP executable is already running!
2024-10-13 12:43:13 - Input: "read_message func active"
2024-10-13 12:43:48 - received data from extension: {"data":{"status":"","task":"ping","text":""}}
2024-10-13 12:43:48 - received ping and sent message with version number
2024-10-13 12:43:58 - received data from extension: {"data":{"status":"","task":"ping","text":""}}
2024-10-13 12:43:58 - received ping and sent message with version number
2024-10-13 12:44:50 - kcpp_api module imported
2024-10-13 12:44:51 - Is kcpp running? False
2024-10-13 12:44:51 - kcpp path: C:\Users\Nachiket\Documents\Browserllama\host\koboldcpp_nocuda.exe
2024-10-13 12:44:51 - Input: "read_message func active"
2024-10-13 12:46:05 - kcpp_api module imported
2024-10-13 12:46:05 - Is kcpp running? True
2024-10-13 12:46:05 - KCPP executable is already running!
2024-10-13 12:46:05 - Input: "read_message func active"
2024-10-13 12:46:30 - received data from extension: {"data":{"status":"","task":"ping","text":""}}
2024-10-13 12:46:30 - received ping and sent message with version number
2024-10-13 12:46:30 - received data from extension: {"data":{"status":"","task":"ping","text":""}}
2024-10-13 12:46:30 - received ping and sent message with version number
2024-10-13 12:46:50 - kcpp_api module imported
2024-10-13 12:46:50 - Is kcpp running? True
2024-10-13 12:46:50 - KCPP executable is already running!
2024-10-13 12:46:50 - Input: "read_message func active"
2024-10-13 12:47:46 - kcpp_api module imported
2024-10-13 12:47:46 - Is kcpp running? True
2024-10-13 12:47:46 - KCPP executable is already running!
2024-10-13 12:47:46 - Input: "read_message func active"
2024-10-13 12:47:46 - received data from extension: {"data":{"status":"","task":"ping","text":""}}
2024-10-13 12:47:46 - received ping and sent message with version number
2024-10-13 12:47:58 - received data from extension: {"data":{"status":"","task":"ping","text":""}}
2024-10-13 12:47:58 - received ping and sent message with version number
2024-10-13 12:47:58 - received data from extension: {"data":{"status":"","task":"ping","text":""}}
2024-10-13 12:47:58 - received ping and sent message with version number
2024-10-13 12:48:09 - kcpp_api module imported
2024-10-13 12:48:09 - Is kcpp running? True
2024-10-13 12:48:09 - KCPP executable is already running!
2024-10-13 12:48:09 - Input: "read_message func active"
2024-10-13 12:48:09 - received data from extension: {"data":{"status":"","task":"ping","text":""}}
2024-10-13 12:48:09 - received ping and sent message with version number
2024-10-13 12:48:40 - kcpp_api module imported
2024-10-13 12:48:41 - Is kcpp running? True
2024-10-13 12:48:41 - KCPP executable is already running!
2024-10-13 12:48:41 - Input: "read_message func active"
2024-10-13 12:48:41 - received data from extension: {"data":{"status":"","task":"ping","text":""}}
2024-10-13 12:48:41 - received ping and sent message with version number
2024-10-13 12:48:52 - received data from extension: {"data":{"status":"","task":"ping","text":""}}
2024-10-13 12:48:52 - received ping and sent message with version number
2024-10-13 12:48:52 - received data from extension: {"data":{"status":"","task":"ping","text":""}}
2024-10-13 12:48:52 - received ping and sent message with version number
2024-10-13 12:49:46 - received data from extension: {"data":{"status":"","task":"ping","text":""}}
2024-10-13 12:49:46 - received ping and sent message with version number
2024-10-13 12:49:46 - received data from extension: {"data":{"status":"","task":"ping","text":""}}
2024-10-13 12:49:46 - received ping and sent message with version number
2024-10-13 12:54:38 - kcpp_api module imported
2024-10-13 12:54:38 - Is kcpp running? False
2024-10-13 12:54:38 - kcpp path: C:\Users\Nachiket\Documents\Browserllama\host\koboldcpp_nocuda.exe
2024-10-13 12:54:38 - Input: "read_message func active"
2024-10-13 12:54:38 - received data from extension: {"data":{"status":"","task":"ping","text":""}}
2024-10-13 12:54:38 - received ping and sent message with version number
2024-10-13 12:56:22 - kcpp_api module imported
2024-10-13 12:56:23 - Is kcpp running? True
2024-10-13 12:56:23 - KCPP executable is already running!
2024-10-13 12:56:23 - Input: "read_message func active"
2024-10-13 12:56:23 - received data from extension: {"data":{"status":"","task":"ping","text":""}}
2024-10-13 12:56:23 - received ping and sent message with version number
2024-10-13 12:58:24 - kcpp_api module imported
2024-10-13 12:58:25 - Is kcpp running? True
2024-10-13 12:58:25 - KCPP executable is already running!
2024-10-13 12:58:25 - Input: "read_message func active"
2024-10-13 12:58:25 - received data from extension: {"data":{"status":"","task":"ping","text":""}}
2024-10-13 12:58:25 - received ping and sent message with version number
